{"C:\\Users\\jcco_\\Documents\\microverse\\course\\javascript\\to-do\\src\\modules\\data.js": {"path":"C:\\Users\\jcco_\\Documents\\microverse\\course\\javascript\\to-do\\src\\modules\\data.js","statementMap":{"0":{"start":{"line":6,"column":14},"end":{"line":6,"column":16}},"1":{"start":{"line":8,"column":17},"end":{"line":8,"column":19}},"2":{"start":{"line":10,"column":13},"end":{"line":12,"column":2}},"3":{"start":{"line":10,"column":50},"end":{"line":12,"column":1}},"4":{"start":{"line":14,"column":17},"end":{"line":42,"column":1}},"5":{"start":{"line":15,"column":2},"end":{"line":15,"column":16}},"6":{"start":{"line":16,"column":14},"end":{"line":16,"column":24}},"7":{"start":{"line":17,"column":13},"end":{"line":17,"column":53}},"8":{"start":{"line":18,"column":13},"end":{"line":18,"column":58}},"9":{"start":{"line":19,"column":15},"end":{"line":19,"column":34}},"10":{"start":{"line":20,"column":2},"end":{"line":20,"column":32}},"11":{"start":{"line":21,"column":2},"end":{"line":21,"column":15}},"12":{"start":{"line":23,"column":2},"end":{"line":41,"column":3}},"13":{"start":{"line":24,"column":4},"end":{"line":28,"column":7}},"14":{"start":{"line":25,"column":6},"end":{"line":27,"column":7}},"15":{"start":{"line":26,"column":8},"end":{"line":26,"column":30}},"16":{"start":{"line":29,"column":9},"end":{"line":41,"column":3}},"17":{"start":{"line":30,"column":4},"end":{"line":34,"column":7}},"18":{"start":{"line":31,"column":6},"end":{"line":33,"column":7}},"19":{"start":{"line":32,"column":8},"end":{"line":32,"column":30}},"20":{"start":{"line":36,"column":4},"end":{"line":40,"column":7}},"21":{"start":{"line":37,"column":6},"end":{"line":39,"column":7}},"22":{"start":{"line":38,"column":8},"end":{"line":38,"column":30}},"23":{"start":{"line":44,"column":21},"end":{"line":48,"column":1}},"24":{"start":{"line":45,"column":2},"end":{"line":47,"column":5}},"25":{"start":{"line":46,"column":4},"end":{"line":46,"column":40}},"26":{"start":{"line":50,"column":19},"end":{"line":64,"column":1}},"27":{"start":{"line":51,"column":2},"end":{"line":63,"column":3}},"28":{"start":{"line":52,"column":4},"end":{"line":52,"column":52}},"29":{"start":{"line":54,"column":20},"end":{"line":54,"column":80}},"30":{"start":{"line":55,"column":4},"end":{"line":55,"column":24}},"31":{"start":{"line":56,"column":4},"end":{"line":56,"column":25}},"32":{"start":{"line":57,"column":4},"end":{"line":57,"column":28}},"33":{"start":{"line":58,"column":4},"end":{"line":58,"column":21}},"34":{"start":{"line":59,"column":4},"end":{"line":59,"column":30}},"35":{"start":{"line":60,"column":4},"end":{"line":60,"column":27}},"36":{"start":{"line":61,"column":4},"end":{"line":61,"column":20}},"37":{"start":{"line":62,"column":4},"end":{"line":62,"column":17}},"38":{"start":{"line":66,"column":19},"end":{"line":74,"column":1}},"39":{"start":{"line":67,"column":2},"end":{"line":67,"column":42}},"40":{"start":{"line":68,"column":2},"end":{"line":68,"column":46}},"41":{"start":{"line":69,"column":2},"end":{"line":69,"column":48}},"42":{"start":{"line":70,"column":2},"end":{"line":70,"column":40}},"43":{"start":{"line":71,"column":2},"end":{"line":71,"column":23}},"44":{"start":{"line":72,"column":2},"end":{"line":72,"column":26}},"45":{"start":{"line":73,"column":2},"end":{"line":73,"column":15}}},"fnMap":{"0":{"name":"(anonymous_0)","decl":{"start":{"line":10,"column":13},"end":{"line":10,"column":14}},"loc":{"start":{"line":10,"column":50},"end":{"line":12,"column":1}},"line":10},"1":{"name":"(anonymous_1)","decl":{"start":{"line":14,"column":17},"end":{"line":14,"column":18}},"loc":{"start":{"line":14,"column":28},"end":{"line":42,"column":1}},"line":14},"2":{"name":"(anonymous_2)","decl":{"start":{"line":24,"column":18},"end":{"line":24,"column":19}},"loc":{"start":{"line":24,"column":35},"end":{"line":28,"column":5}},"line":24},"3":{"name":"(anonymous_3)","decl":{"start":{"line":30,"column":18},"end":{"line":30,"column":19}},"loc":{"start":{"line":30,"column":35},"end":{"line":34,"column":5}},"line":30},"4":{"name":"(anonymous_4)","decl":{"start":{"line":36,"column":18},"end":{"line":36,"column":19}},"loc":{"start":{"line":36,"column":35},"end":{"line":40,"column":5}},"line":36},"5":{"name":"(anonymous_5)","decl":{"start":{"line":44,"column":21},"end":{"line":44,"column":22}},"loc":{"start":{"line":44,"column":35},"end":{"line":48,"column":1}},"line":44},"6":{"name":"(anonymous_6)","decl":{"start":{"line":45,"column":19},"end":{"line":45,"column":20}},"loc":{"start":{"line":45,"column":30},"end":{"line":47,"column":3}},"line":45},"7":{"name":"(anonymous_7)","decl":{"start":{"line":50,"column":19},"end":{"line":50,"column":20}},"loc":{"start":{"line":50,"column":30},"end":{"line":64,"column":1}},"line":50},"8":{"name":"(anonymous_8)","decl":{"start":{"line":66,"column":19},"end":{"line":66,"column":20}},"loc":{"start":{"line":66,"column":30},"end":{"line":74,"column":1}},"line":66}},"branchMap":{"0":{"loc":{"start":{"line":23,"column":2},"end":{"line":41,"column":3}},"type":"if","locations":[{"start":{"line":23,"column":2},"end":{"line":41,"column":3}},{"start":{"line":23,"column":2},"end":{"line":41,"column":3}}],"line":23},"1":{"loc":{"start":{"line":25,"column":6},"end":{"line":27,"column":7}},"type":"if","locations":[{"start":{"line":25,"column":6},"end":{"line":27,"column":7}},{"start":{"line":25,"column":6},"end":{"line":27,"column":7}}],"line":25},"2":{"loc":{"start":{"line":29,"column":9},"end":{"line":41,"column":3}},"type":"if","locations":[{"start":{"line":29,"column":9},"end":{"line":41,"column":3}},{"start":{"line":29,"column":9},"end":{"line":41,"column":3}}],"line":29},"3":{"loc":{"start":{"line":31,"column":6},"end":{"line":33,"column":7}},"type":"if","locations":[{"start":{"line":31,"column":6},"end":{"line":33,"column":7}},{"start":{"line":31,"column":6},"end":{"line":33,"column":7}}],"line":31},"4":{"loc":{"start":{"line":37,"column":6},"end":{"line":39,"column":7}},"type":"if","locations":[{"start":{"line":37,"column":6},"end":{"line":39,"column":7}},{"start":{"line":37,"column":6},"end":{"line":39,"column":7}}],"line":37},"5":{"loc":{"start":{"line":51,"column":2},"end":{"line":63,"column":3}},"type":"if","locations":[{"start":{"line":51,"column":2},"end":{"line":63,"column":3}},{"start":{"line":51,"column":2},"end":{"line":63,"column":3}}],"line":51},"6":{"loc":{"start":{"line":51,"column":6},"end":{"line":51,"column":43}},"type":"binary-expr","locations":[{"start":{"line":51,"column":6},"end":{"line":51,"column":23}},{"start":{"line":51,"column":27},"end":{"line":51,"column":43}}],"line":51}},"s":{"0":2,"1":2,"2":2,"3":0,"4":2,"5":0,"6":0,"7":0,"8":0,"9":0,"10":0,"11":0,"12":0,"13":0,"14":0,"15":0,"16":0,"17":0,"18":0,"19":0,"20":0,"21":0,"22":0,"23":2,"24":0,"25":0,"26":2,"27":0,"28":0,"29":0,"30":0,"31":0,"32":0,"33":0,"34":0,"35":0,"36":0,"37":0,"38":2,"39":0,"40":0,"41":0,"42":0,"43":0,"44":0,"45":0},"f":{"0":0,"1":0,"2":0,"3":0,"4":0,"5":0,"6":0,"7":0,"8":0},"b":{"0":[0,0],"1":[0,0],"2":[0,0],"3":[0,0],"4":[0,0],"5":[0,0],"6":[0,0]},"_coverageSchema":"1a1c01bbd47fc00a2c39e90264f33305004495a9","hash":"58b36f4b49ed7902849c7b19e8fd91c2a59167f1"}
,"C:\\Users\\jcco_\\Documents\\microverse\\course\\javascript\\to-do\\src\\modules\\dom.js": {"path":"C:\\Users\\jcco_\\Documents\\microverse\\course\\javascript\\to-do\\src\\modules\\dom.js","statementMap":{"0":{"start":{"line":6,"column":0},"end":{"line":6,"column":34}},"1":{"start":{"line":8,"column":16},"end":{"line":8,"column":52}},"2":{"start":{"line":9,"column":19},"end":{"line":9,"column":64}},"3":{"start":{"line":11,"column":18},"end":{"line":11,"column":70}},"4":{"start":{"line":11,"column":24},"end":{"line":11,"column":70}},"5":{"start":{"line":12,"column":24},"end":{"line":12,"column":83}},"6":{"start":{"line":12,"column":30},"end":{"line":12,"column":83}},"7":{"start":{"line":14,"column":19},"end":{"line":55,"column":1}},"8":{"start":{"line":15,"column":16},"end":{"line":15,"column":57}},"9":{"start":{"line":16,"column":19},"end":{"line":16,"column":58}},"10":{"start":{"line":17,"column":21},"end":{"line":17,"column":32}},"11":{"start":{"line":20,"column":2},"end":{"line":54,"column":3}},"12":{"start":{"line":21,"column":15},"end":{"line":21,"column":43}},"13":{"start":{"line":22,"column":19},"end":{"line":22,"column":46}},"14":{"start":{"line":23,"column":20},"end":{"line":23,"column":54}},"15":{"start":{"line":25,"column":4},"end":{"line":25,"column":33}},"16":{"start":{"line":26,"column":4},"end":{"line":26,"column":51}},"17":{"start":{"line":27,"column":4},"end":{"line":27,"column":42}},"18":{"start":{"line":28,"column":4},"end":{"line":28,"column":27}},"19":{"start":{"line":29,"column":4},"end":{"line":29,"column":57}},"20":{"start":{"line":31,"column":4},"end":{"line":51,"column":5}},"21":{"start":{"line":32,"column":6},"end":{"line":32,"column":37}},"22":{"start":{"line":33,"column":6},"end":{"line":33,"column":31}},"23":{"start":{"line":34,"column":6},"end":{"line":42,"column":7}},"24":{"start":{"line":35,"column":8},"end":{"line":35,"column":34}},"25":{"start":{"line":36,"column":8},"end":{"line":36,"column":28}},"26":{"start":{"line":37,"column":23},"end":{"line":37,"column":55}},"27":{"start":{"line":38,"column":8},"end":{"line":38,"column":43}},"28":{"start":{"line":39,"column":8},"end":{"line":39,"column":34}},"29":{"start":{"line":40,"column":8},"end":{"line":40,"column":36}},"30":{"start":{"line":41,"column":8},"end":{"line":41,"column":34}},"31":{"start":{"line":44,"column":21},"end":{"line":44,"column":53}},"32":{"start":{"line":45,"column":6},"end":{"line":45,"column":49}},"33":{"start":{"line":46,"column":6},"end":{"line":46,"column":40}},"34":{"start":{"line":47,"column":6},"end":{"line":47,"column":34}},"35":{"start":{"line":48,"column":6},"end":{"line":48,"column":40}},"36":{"start":{"line":49,"column":6},"end":{"line":49,"column":23}},"37":{"start":{"line":50,"column":6},"end":{"line":50,"column":22}},"38":{"start":{"line":53,"column":4},"end":{"line":53,"column":72}},"39":{"start":{"line":53,"column":45},"end":{"line":53,"column":68}},"40":{"start":{"line":57,"column":17},"end":{"line":74,"column":1}},"41":{"start":{"line":58,"column":16},"end":{"line":58,"column":45}},"42":{"start":{"line":59,"column":2},"end":{"line":59,"column":85}},"43":{"start":{"line":60,"column":2},"end":{"line":60,"column":38}},"44":{"start":{"line":61,"column":2},"end":{"line":61,"column":41}},"45":{"start":{"line":62,"column":2},"end":{"line":62,"column":56}},"46":{"start":{"line":63,"column":14},"end":{"line":63,"column":46}},"47":{"start":{"line":64,"column":2},"end":{"line":64,"column":33}},"48":{"start":{"line":65,"column":2},"end":{"line":65,"column":47}},"49":{"start":{"line":66,"column":2},"end":{"line":66,"column":37}},"50":{"start":{"line":68,"column":18},"end":{"line":68,"column":44}},"51":{"start":{"line":71,"column":2},"end":{"line":71,"column":48}},"52":{"start":{"line":72,"column":2},"end":{"line":72,"column":25}},"53":{"start":{"line":73,"column":2},"end":{"line":73,"column":47}},"54":{"start":{"line":73,"column":21},"end":{"line":73,"column":37}},"55":{"start":{"line":76,"column":15},"end":{"line":79,"column":1}},"56":{"start":{"line":77,"column":17},"end":{"line":77,"column":56}},"57":{"start":{"line":78,"column":2},"end":{"line":78,"column":29}},"58":{"start":{"line":81,"column":19},"end":{"line":86,"column":1}},"59":{"start":{"line":82,"column":19},"end":{"line":82,"column":60}},"60":{"start":{"line":83,"column":2},"end":{"line":85,"column":3}},"61":{"start":{"line":84,"column":4},"end":{"line":84,"column":45}},"62":{"start":{"line":88,"column":27},"end":{"line":92,"column":1}},"63":{"start":{"line":89,"column":2},"end":{"line":89,"column":23}},"64":{"start":{"line":90,"column":2},"end":{"line":90,"column":55}},"65":{"start":{"line":91,"column":2},"end":{"line":91,"column":61}},"66":{"start":{"line":94,"column":29},"end":{"line":107,"column":1}},"67":{"start":{"line":95,"column":2},"end":{"line":100,"column":3}},"68":{"start":{"line":96,"column":16},"end":{"line":96,"column":57}},"69":{"start":{"line":97,"column":4},"end":{"line":99,"column":7}},"70":{"start":{"line":98,"column":6},"end":{"line":98,"column":26}},"71":{"start":{"line":101,"column":2},"end":{"line":106,"column":3}},"72":{"start":{"line":102,"column":17},"end":{"line":102,"column":61}},"73":{"start":{"line":103,"column":4},"end":{"line":105,"column":7}},"74":{"start":{"line":104,"column":6},"end":{"line":104,"column":29}},"75":{"start":{"line":109,"column":17},"end":{"line":114,"column":1}},"76":{"start":{"line":110,"column":2},"end":{"line":110,"column":62}},"77":{"start":{"line":111,"column":2},"end":{"line":111,"column":66}},"78":{"start":{"line":112,"column":2},"end":{"line":112,"column":68}},"79":{"start":{"line":113,"column":2},"end":{"line":113,"column":60}},"80":{"start":{"line":116,"column":18},"end":{"line":121,"column":1}},"81":{"start":{"line":117,"column":2},"end":{"line":117,"column":46}},"82":{"start":{"line":118,"column":2},"end":{"line":118,"column":55}},"83":{"start":{"line":119,"column":2},"end":{"line":119,"column":52}},"84":{"start":{"line":120,"column":2},"end":{"line":120,"column":45}},"85":{"start":{"line":123,"column":17},"end":{"line":192,"column":1}},"86":{"start":{"line":124,"column":19},"end":{"line":124,"column":60}},"87":{"start":{"line":125,"column":16},"end":{"line":125,"column":47}},"88":{"start":{"line":126,"column":2},"end":{"line":126,"column":53}},"89":{"start":{"line":127,"column":19},"end":{"line":127,"column":48}},"90":{"start":{"line":128,"column":2},"end":{"line":128,"column":59}},"91":{"start":{"line":129,"column":2},"end":{"line":129,"column":30}},"92":{"start":{"line":130,"column":16},"end":{"line":130,"column":45}},"93":{"start":{"line":131,"column":2},"end":{"line":131,"column":39}},"94":{"start":{"line":132,"column":2},"end":{"line":132,"column":33}},"95":{"start":{"line":133,"column":19},"end":{"line":133,"column":48}},"96":{"start":{"line":134,"column":2},"end":{"line":134,"column":37}},"97":{"start":{"line":135,"column":23},"end":{"line":135,"column":53}},"98":{"start":{"line":136,"column":2},"end":{"line":136,"column":38}},"99":{"start":{"line":137,"column":2},"end":{"line":137,"column":43}},"100":{"start":{"line":138,"column":2},"end":{"line":150,"column":3}},"101":{"start":{"line":140,"column":6},"end":{"line":140,"column":47}},"102":{"start":{"line":141,"column":6},"end":{"line":141,"column":12}},"103":{"start":{"line":143,"column":6},"end":{"line":143,"column":47}},"104":{"start":{"line":144,"column":6},"end":{"line":144,"column":12}},"105":{"start":{"line":146,"column":6},"end":{"line":146,"column":46}},"106":{"start":{"line":147,"column":6},"end":{"line":147,"column":12}},"107":{"start":{"line":149,"column":6},"end":{"line":149,"column":47}},"108":{"start":{"line":151,"column":2},"end":{"line":151,"column":37}},"109":{"start":{"line":152,"column":15},"end":{"line":152,"column":44}},"110":{"start":{"line":153,"column":2},"end":{"line":153,"column":33}},"111":{"start":{"line":154,"column":19},"end":{"line":154,"column":48}},"112":{"start":{"line":155,"column":2},"end":{"line":155,"column":37}},"113":{"start":{"line":156,"column":21},"end":{"line":156,"column":48}},"114":{"start":{"line":157,"column":2},"end":{"line":157,"column":51}},"115":{"start":{"line":158,"column":2},"end":{"line":158,"column":44}},"116":{"start":{"line":159,"column":15},"end":{"line":159,"column":42}},"117":{"start":{"line":160,"column":2},"end":{"line":160,"column":39}},"118":{"start":{"line":161,"column":2},"end":{"line":161,"column":31}},"119":{"start":{"line":162,"column":2},"end":{"line":162,"column":35}},"120":{"start":{"line":163,"column":2},"end":{"line":163,"column":31}},"121":{"start":{"line":164,"column":2},"end":{"line":164,"column":30}},"122":{"start":{"line":165,"column":2},"end":{"line":165,"column":33}},"123":{"start":{"line":166,"column":2},"end":{"line":166,"column":29}},"124":{"start":{"line":168,"column":16},"end":{"line":168,"column":47}},"125":{"start":{"line":169,"column":2},"end":{"line":169,"column":41}},"126":{"start":{"line":170,"column":2},"end":{"line":170,"column":27}},"127":{"start":{"line":171,"column":18},"end":{"line":171,"column":47}},"128":{"start":{"line":172,"column":2},"end":{"line":172,"column":53}},"129":{"start":{"line":173,"column":2},"end":{"line":173,"column":29}},"130":{"start":{"line":174,"column":19},"end":{"line":174,"column":48}},"131":{"start":{"line":175,"column":2},"end":{"line":175,"column":58}},"132":{"start":{"line":176,"column":2},"end":{"line":176,"column":32}},"133":{"start":{"line":177,"column":2},"end":{"line":177,"column":33}},"134":{"start":{"line":178,"column":2},"end":{"line":178,"column":30}},"135":{"start":{"line":179,"column":2},"end":{"line":179,"column":33}},"136":{"start":{"line":180,"column":2},"end":{"line":180,"column":42}},"137":{"start":{"line":181,"column":2},"end":{"line":181,"column":47}},"138":{"start":{"line":182,"column":2},"end":{"line":186,"column":5}},"139":{"start":{"line":183,"column":4},"end":{"line":183,"column":82}},"140":{"start":{"line":184,"column":4},"end":{"line":184,"column":50}},"141":{"start":{"line":185,"column":4},"end":{"line":185,"column":34}},"142":{"start":{"line":187,"column":2},"end":{"line":191,"column":5}},"143":{"start":{"line":188,"column":4},"end":{"line":188,"column":44}},"144":{"start":{"line":189,"column":4},"end":{"line":189,"column":25}},"145":{"start":{"line":190,"column":4},"end":{"line":190,"column":66}}},"fnMap":{"0":{"name":"(anonymous_0)","decl":{"start":{"line":11,"column":18},"end":{"line":11,"column":19}},"loc":{"start":{"line":11,"column":24},"end":{"line":11,"column":70}},"line":11},"1":{"name":"(anonymous_1)","decl":{"start":{"line":12,"column":24},"end":{"line":12,"column":25}},"loc":{"start":{"line":12,"column":30},"end":{"line":12,"column":83}},"line":12},"2":{"name":"(anonymous_2)","decl":{"start":{"line":14,"column":19},"end":{"line":14,"column":20}},"loc":{"start":{"line":14,"column":57},"end":{"line":55,"column":1}},"line":14},"3":{"name":"(anonymous_3)","decl":{"start":{"line":53,"column":37},"end":{"line":53,"column":38}},"loc":{"start":{"line":53,"column":43},"end":{"line":53,"column":70}},"line":53},"4":{"name":"(anonymous_4)","decl":{"start":{"line":57,"column":17},"end":{"line":57,"column":18}},"loc":{"start":{"line":57,"column":29},"end":{"line":74,"column":1}},"line":57},"5":{"name":"(anonymous_5)","decl":{"start":{"line":73,"column":13},"end":{"line":73,"column":14}},"loc":{"start":{"line":73,"column":19},"end":{"line":73,"column":39}},"line":73},"6":{"name":"(anonymous_6)","decl":{"start":{"line":76,"column":15},"end":{"line":76,"column":16}},"loc":{"start":{"line":76,"column":26},"end":{"line":79,"column":1}},"line":76},"7":{"name":"(anonymous_7)","decl":{"start":{"line":81,"column":19},"end":{"line":81,"column":20}},"loc":{"start":{"line":81,"column":25},"end":{"line":86,"column":1}},"line":81},"8":{"name":"(anonymous_8)","decl":{"start":{"line":88,"column":27},"end":{"line":88,"column":28}},"loc":{"start":{"line":88,"column":33},"end":{"line":92,"column":1}},"line":88},"9":{"name":"(anonymous_9)","decl":{"start":{"line":94,"column":29},"end":{"line":94,"column":30}},"loc":{"start":{"line":94,"column":35},"end":{"line":107,"column":1}},"line":94},"10":{"name":"(anonymous_10)","decl":{"start":{"line":97,"column":16},"end":{"line":97,"column":17}},"loc":{"start":{"line":97,"column":27},"end":{"line":99,"column":5}},"line":97},"11":{"name":"(anonymous_11)","decl":{"start":{"line":103,"column":17},"end":{"line":103,"column":18}},"loc":{"start":{"line":103,"column":28},"end":{"line":105,"column":5}},"line":103},"12":{"name":"(anonymous_12)","decl":{"start":{"line":109,"column":17},"end":{"line":109,"column":18}},"loc":{"start":{"line":109,"column":28},"end":{"line":114,"column":1}},"line":109},"13":{"name":"(anonymous_13)","decl":{"start":{"line":116,"column":18},"end":{"line":116,"column":19}},"loc":{"start":{"line":116,"column":24},"end":{"line":121,"column":1}},"line":116},"14":{"name":"(anonymous_14)","decl":{"start":{"line":123,"column":17},"end":{"line":123,"column":18}},"loc":{"start":{"line":123,"column":34},"end":{"line":192,"column":1}},"line":123},"15":{"name":"(anonymous_15)","decl":{"start":{"line":182,"column":39},"end":{"line":182,"column":40}},"loc":{"start":{"line":182,"column":46},"end":{"line":186,"column":3}},"line":182},"16":{"name":"(anonymous_16)","decl":{"start":{"line":187,"column":35},"end":{"line":187,"column":36}},"loc":{"start":{"line":187,"column":42},"end":{"line":191,"column":3}},"line":187}},"branchMap":{"0":{"loc":{"start":{"line":14,"column":30},"end":{"line":14,"column":41}},"type":"default-arg","locations":[{"start":{"line":14,"column":36},"end":{"line":14,"column":41}}],"line":14},"1":{"loc":{"start":{"line":14,"column":43},"end":{"line":14,"column":52}},"type":"default-arg","locations":[{"start":{"line":14,"column":50},"end":{"line":14,"column":52}}],"line":14},"2":{"loc":{"start":{"line":20,"column":2},"end":{"line":54,"column":3}},"type":"if","locations":[{"start":{"line":20,"column":2},"end":{"line":54,"column":3}},{"start":{"line":20,"column":2},"end":{"line":54,"column":3}}],"line":20},"3":{"loc":{"start":{"line":20,"column":6},"end":{"line":20,"column":40}},"type":"binary-expr","locations":[{"start":{"line":20,"column":6},"end":{"line":20,"column":24}},{"start":{"line":20,"column":28},"end":{"line":20,"column":40}}],"line":20},"4":{"loc":{"start":{"line":31,"column":4},"end":{"line":51,"column":5}},"type":"if","locations":[{"start":{"line":31,"column":4},"end":{"line":51,"column":5}},{"start":{"line":31,"column":4},"end":{"line":51,"column":5}}],"line":31},"5":{"loc":{"start":{"line":34,"column":6},"end":{"line":42,"column":7}},"type":"if","locations":[{"start":{"line":34,"column":6},"end":{"line":42,"column":7}},{"start":{"line":34,"column":6},"end":{"line":42,"column":7}}],"line":34},"6":{"loc":{"start":{"line":95,"column":2},"end":{"line":100,"column":3}},"type":"if","locations":[{"start":{"line":95,"column":2},"end":{"line":100,"column":3}},{"start":{"line":95,"column":2},"end":{"line":100,"column":3}}],"line":95},"7":{"loc":{"start":{"line":101,"column":2},"end":{"line":106,"column":3}},"type":"if","locations":[{"start":{"line":101,"column":2},"end":{"line":106,"column":3}},{"start":{"line":101,"column":2},"end":{"line":106,"column":3}}],"line":101},"8":{"loc":{"start":{"line":138,"column":2},"end":{"line":150,"column":3}},"type":"switch","locations":[{"start":{"line":139,"column":4},"end":{"line":141,"column":12}},{"start":{"line":142,"column":4},"end":{"line":144,"column":12}},{"start":{"line":145,"column":4},"end":{"line":147,"column":12}},{"start":{"line":148,"column":4},"end":{"line":149,"column":47}}],"line":138}},"s":{"0":2,"1":2,"2":2,"3":2,"4":0,"5":2,"6":0,"7":2,"8":0,"9":0,"10":0,"11":0,"12":0,"13":0,"14":0,"15":0,"16":0,"17":0,"18":0,"19":0,"20":0,"21":0,"22":0,"23":0,"24":0,"25":0,"26":0,"27":0,"28":0,"29":0,"30":0,"31":0,"32":0,"33":0,"34":0,"35":0,"36":0,"37":0,"38":0,"39":0,"40":2,"41":1,"42":1,"43":1,"44":1,"45":1,"46":1,"47":1,"48":1,"49":1,"50":1,"51":1,"52":1,"53":1,"54":0,"55":2,"56":0,"57":0,"58":2,"59":0,"60":0,"61":0,"62":2,"63":0,"64":0,"65":0,"66":2,"67":0,"68":0,"69":0,"70":0,"71":0,"72":0,"73":0,"74":0,"75":2,"76":0,"77":0,"78":0,"79":0,"80":2,"81":1,"82":1,"83":1,"84":1,"85":2,"86":0,"87":0,"88":0,"89":0,"90":0,"91":0,"92":0,"93":0,"94":0,"95":0,"96":0,"97":0,"98":0,"99":0,"100":0,"101":0,"102":0,"103":0,"104":0,"105":0,"106":0,"107":0,"108":0,"109":0,"110":0,"111":0,"112":0,"113":0,"114":0,"115":0,"116":0,"117":0,"118":0,"119":0,"120":0,"121":0,"122":0,"123":0,"124":0,"125":0,"126":0,"127":0,"128":0,"129":0,"130":0,"131":0,"132":0,"133":0,"134":0,"135":0,"136":0,"137":0,"138":0,"139":0,"140":0,"141":0,"142":0,"143":0,"144":0,"145":0},"f":{"0":0,"1":0,"2":0,"3":0,"4":1,"5":0,"6":0,"7":0,"8":0,"9":0,"10":0,"11":0,"12":0,"13":1,"14":0,"15":0,"16":0},"b":{"0":[0],"1":[0],"2":[0,0],"3":[0,0],"4":[0,0],"5":[0,0],"6":[0,0],"7":[0,0],"8":[0,0,0,0]},"_coverageSchema":"1a1c01bbd47fc00a2c39e90264f33305004495a9","hash":"17c1bb5894cb7d50af258d21fd9148c7fcee1964"}
}
